2023-12-19 18:56:16.422917 starting: opening PstFrom.log for logging
2023-12-19 18:56:16.422989 starting PstFrom process
2023-12-19 18:56:16.423011 starting: setting up dirs
2023-12-19 18:56:16.423077 starting: removing existing new_d '/home/dgketchum/PycharmProjects/et-demands/examples/tongue/pest'
2023-12-19 18:56:16.546295 finished: removing existing new_d '/home/dgketchum/PycharmProjects/et-demands/examples/tongue/pest' took: 0:00:00.123218
2023-12-19 18:56:16.546341 starting: copying original_d '/home/dgketchum/PycharmProjects/et-demands/examples/tongue' to new_d '/home/dgketchum/PycharmProjects/et-demands/examples/tongue/pest'
2023-12-19 18:56:23.689805 finished: copying original_d '/home/dgketchum/PycharmProjects/et-demands/examples/tongue' to new_d '/home/dgketchum/PycharmProjects/et-demands/examples/tongue/pest' took: 0:00:07.143464
2023-12-19 18:56:23.689953 finished: setting up dirs took: 0:00:07.266942
2023-12-19 18:56:23.690000 transform was not passed, setting default tranform to 'log'
2023-12-19 18:56:23.690087 starting: adding constant type m style parameters for file(s) ['params.csv']
2023-12-19 18:56:23.690157 starting: loading list-style /home/dgketchum/PycharmProjects/et-demands/examples/tongue/pest/params.csv
2023-12-19 18:56:23.690238 starting: reading list-style file: /home/dgketchum/PycharmProjects/et-demands/examples/tongue/pest/params.csv
2023-12-19 18:56:23.692817 finished: reading list-style file: /home/dgketchum/PycharmProjects/et-demands/examples/tongue/pest/params.csv took: 0:00:00.002579
2023-12-19 18:56:23.692949 loaded list-style '/home/dgketchum/PycharmProjects/et-demands/examples/tongue/pest/params.csv' of shape (6, 2)
2023-12-19 18:56:23.694590 finished: loading list-style /home/dgketchum/PycharmProjects/et-demands/examples/tongue/pest/params.csv took: 0:00:00.004433
2023-12-19 18:56:23.694658 starting: writing list-style template file '/home/dgketchum/PycharmProjects/et-demands/examples/tongue/pest/p_inst0_constant.csv.tpl'
2023-12-19 18:56:23.704757 finished: writing list-style template file '/home/dgketchum/PycharmProjects/et-demands/examples/tongue/pest/p_inst0_constant.csv.tpl' took: 0:00:00.010099
2023-12-19 18:56:23.708312 finished: adding constant type m style parameters for file(s) ['params.csv'] took: 0:00:00.018225
2023-12-19 18:56:23.708352 transform was not passed, setting default tranform to 'log'
2023-12-19 18:56:23.708429 starting: adding constant type m style parameters for file(s) ['params.csv']
2023-12-19 18:56:23.708496 starting: loading list-style /home/dgketchum/PycharmProjects/et-demands/examples/tongue/pest/params.csv
2023-12-19 18:56:23.708536 starting: reading list-style file: /home/dgketchum/PycharmProjects/et-demands/examples/tongue/pest/params.csv
2023-12-19 18:56:23.709286 finished: reading list-style file: /home/dgketchum/PycharmProjects/et-demands/examples/tongue/pest/params.csv took: 0:00:00.000750
2023-12-19 18:56:23.709341 loaded list-style '/home/dgketchum/PycharmProjects/et-demands/examples/tongue/pest/params.csv' of shape (6, 2)
2023-12-19 18:56:23.710072 finished: loading list-style /home/dgketchum/PycharmProjects/et-demands/examples/tongue/pest/params.csv took: 0:00:00.001576
2023-12-19 18:56:23.710137 starting: writing list-style template file '/home/dgketchum/PycharmProjects/et-demands/examples/tongue/pest/p_inst1_constant.csv.tpl'
2023-12-19 18:56:23.717943 finished: writing list-style template file '/home/dgketchum/PycharmProjects/et-demands/examples/tongue/pest/p_inst1_constant.csv.tpl' took: 0:00:00.007806
2023-12-19 18:56:23.720673 finished: adding constant type m style parameters for file(s) ['params.csv'] took: 0:00:00.012244
2023-12-19 18:56:23.720710 transform was not passed, setting default tranform to 'log'
2023-12-19 18:56:23.720763 starting: adding constant type m style parameters for file(s) ['params.csv']
2023-12-19 18:56:23.720822 starting: loading list-style /home/dgketchum/PycharmProjects/et-demands/examples/tongue/pest/params.csv
2023-12-19 18:56:23.720859 starting: reading list-style file: /home/dgketchum/PycharmProjects/et-demands/examples/tongue/pest/params.csv
2023-12-19 18:56:23.721562 finished: reading list-style file: /home/dgketchum/PycharmProjects/et-demands/examples/tongue/pest/params.csv took: 0:00:00.000703
2023-12-19 18:56:23.721615 loaded list-style '/home/dgketchum/PycharmProjects/et-demands/examples/tongue/pest/params.csv' of shape (6, 2)
2023-12-19 18:56:23.722388 finished: loading list-style /home/dgketchum/PycharmProjects/et-demands/examples/tongue/pest/params.csv took: 0:00:00.001566
2023-12-19 18:56:23.722452 starting: writing list-style template file '/home/dgketchum/PycharmProjects/et-demands/examples/tongue/pest/p_inst2_constant.csv.tpl'
2023-12-19 18:56:23.730305 finished: writing list-style template file '/home/dgketchum/PycharmProjects/et-demands/examples/tongue/pest/p_inst2_constant.csv.tpl' took: 0:00:00.007853
2023-12-19 18:56:23.732972 finished: adding constant type m style parameters for file(s) ['params.csv'] took: 0:00:00.012209
2023-12-19 18:56:23.733008 transform was not passed, setting default tranform to 'log'
2023-12-19 18:56:23.733060 starting: adding constant type m style parameters for file(s) ['params.csv']
2023-12-19 18:56:23.733120 starting: loading list-style /home/dgketchum/PycharmProjects/et-demands/examples/tongue/pest/params.csv
2023-12-19 18:56:23.733157 starting: reading list-style file: /home/dgketchum/PycharmProjects/et-demands/examples/tongue/pest/params.csv
2023-12-19 18:56:23.733836 finished: reading list-style file: /home/dgketchum/PycharmProjects/et-demands/examples/tongue/pest/params.csv took: 0:00:00.000679
2023-12-19 18:56:23.733889 loaded list-style '/home/dgketchum/PycharmProjects/et-demands/examples/tongue/pest/params.csv' of shape (6, 2)
2023-12-19 18:56:23.734668 finished: loading list-style /home/dgketchum/PycharmProjects/et-demands/examples/tongue/pest/params.csv took: 0:00:00.001548
2023-12-19 18:56:23.734732 starting: writing list-style template file '/home/dgketchum/PycharmProjects/et-demands/examples/tongue/pest/p_inst3_constant.csv.tpl'
2023-12-19 18:56:23.742553 finished: writing list-style template file '/home/dgketchum/PycharmProjects/et-demands/examples/tongue/pest/p_inst3_constant.csv.tpl' took: 0:00:00.007821
2023-12-19 18:56:23.745225 finished: adding constant type m style parameters for file(s) ['params.csv'] took: 0:00:00.012165
2023-12-19 18:56:23.745261 transform was not passed, setting default tranform to 'log'
2023-12-19 18:56:23.745313 starting: adding constant type m style parameters for file(s) ['params.csv']
2023-12-19 18:56:23.745372 starting: loading list-style /home/dgketchum/PycharmProjects/et-demands/examples/tongue/pest/params.csv
2023-12-19 18:56:23.745409 starting: reading list-style file: /home/dgketchum/PycharmProjects/et-demands/examples/tongue/pest/params.csv
2023-12-19 18:56:23.746086 finished: reading list-style file: /home/dgketchum/PycharmProjects/et-demands/examples/tongue/pest/params.csv took: 0:00:00.000677
2023-12-19 18:56:23.746139 loaded list-style '/home/dgketchum/PycharmProjects/et-demands/examples/tongue/pest/params.csv' of shape (6, 2)
2023-12-19 18:56:23.746903 finished: loading list-style /home/dgketchum/PycharmProjects/et-demands/examples/tongue/pest/params.csv took: 0:00:00.001531
2023-12-19 18:56:23.746965 starting: writing list-style template file '/home/dgketchum/PycharmProjects/et-demands/examples/tongue/pest/p_inst4_constant.csv.tpl'
2023-12-19 18:56:23.754768 finished: writing list-style template file '/home/dgketchum/PycharmProjects/et-demands/examples/tongue/pest/p_inst4_constant.csv.tpl' took: 0:00:00.007803
2023-12-19 18:56:23.757439 finished: adding constant type m style parameters for file(s) ['params.csv'] took: 0:00:00.012126
2023-12-19 18:56:23.757480 starting: adding observations from output file eta.np
2023-12-19 18:56:23.757509 starting: adding observations from array output file 'eta.np'
2023-12-19 18:56:23.761901 starting: adding observation from instruction file '/home/dgketchum/PycharmProjects/et-demands/examples/tongue/pest/2100.ins'
2023-12-19 18:56:23.781820 finished: adding observation from instruction file '/home/dgketchum/PycharmProjects/et-demands/examples/tongue/pest/2100.ins' took: 0:00:00.019919
2023-12-19 18:56:23.781990 finished: adding observations from array output file 'eta.np' took: 0:00:00.024481
2023-12-19 18:56:23.782063 finished: adding observations from output file eta.np took: 0:00:00.024583
